============================= test session starts ==============================
platform darwin -- Python 3.14.3, pytest-9.0.2, pluggy-1.6.0
rootdir: /Users/danexidethos/dev/scratch/SDET_workflow/projects/test_automation
plugins: cov-7.1.0, metadata-3.1.1, html-4.2.0
collected 2 items

tests/ui/test_checkout.py .                                              [ 50%]
tests/ui/test_checkout_complete.py .                                     [100%]

============================== 2 passed in 0.01s ===============================
